<?xml version="1.0" encoding="UTF-8"?>
<!-- Generated by org.testng.reporters.JUnitReportReporter -->
<testsuite skipped="0" hostname="ASDA0088" name="TestCheckResponse" tests="2" failures="0" timestamp="06 Jul 2018 07:15:13 GMT" time="1.814" errors="0">
  <testcase name="Testcheck" time="0.696" classname="TestCheckResponse"/>
  <testcase name="TestReadResponse" time="1.118" classname="TestCheckResponse"/>
</testsuite> <!-- TestCheckResponse -->
